SF:lib\src\cart\bloc\cart_state.dart
DA:7,5
DA:9,1
DA:10,3
LF:3
LH:3
end_of_record
SF:lib\src\cart\bloc\cart_event.dart
DA:4,2
DA:5,2
DA:6,2
DA:11,2
DA:12,2
DA:13,4
DA:19,1
DA:20,1
DA:21,2
DA:27,2
DA:28,2
DA:29,6
DA:35,2
DA:36,2
DA:37,6
LF:15
LH:15
end_of_record
SF:lib\src\cart\bloc\cart_bloc.dart
DA:11,2
DA:12,3
DA:13,3
DA:14,3
DA:15,3
DA:16,3
DA:17,2
DA:18,2
DA:24,1
DA:27,1
DA:28,3
DA:29,2
DA:30,1
DA:34,1
DA:35,9
DA:36,3
DA:38,2
DA:39,3
DA:41,0
DA:42,0
DA:44,0
DA:47,3
DA:50,0
DA:51,0
DA:52,0
DA:55,1
DA:56,4
DA:57,4
DA:58,2
DA:61,1
DA:63,3
DA:66,1
DA:67,4
DA:68,4
DA:69,2
DA:72,1
DA:74,3
DA:77,1
DA:78,1
DA:81,1
DA:82,2
DA:83,3
DA:84,3
DA:88,1
DA:89,2
DA:90,3
DA:91,3
DA:95,1
DA:96,4
DA:97,1
DA:98,1
DA:100,1
DA:101,2
DA:102,2
DA:103,2
DA:107,1
DA:110,3
DA:111,1
DA:112,1
DA:113,1
DA:114,2
DA:116,1
DA:118,1
DA:119,2
DA:121,1
DA:123,1
DA:125,1
DA:126,2
DA:127,2
DA:128,2
DA:136,1
DA:138,1
DA:139,4
DA:140,2
DA:141,2
DA:142,2
DA:143,1
DA:144,1
DA:145,1
DA:146,2
DA:147,2
DA:148,2
LF:82
LH:76
end_of_record
SF:lib\src\item_model.dart
DA:9,5
DA:11,2
DA:12,1
DA:13,1
DA:14,2
DA:17,2
DA:18,8
LF:7
LH:7
end_of_record
SF:lib\src\cart\cart_line.dart
DA:11,2
DA:17,16
DA:19,1
DA:20,1
DA:21,1
DA:22,1
DA:23,1
DA:27,1
DA:28,4
DA:36,5
DA:42,1
DA:43,4
LF:12
LH:12
end_of_record
SF:lib\src\catalog\bloc\catalog_state.dart
DA:4,2
DA:5,1
DA:6,1
DA:14,2
DA:16,2
DA:17,4
DA:21,2
DA:22,1
DA:23,2
LF:9
LH:9
end_of_record
SF:lib\src\catalog\bloc\catalog_bloc.dart
DA:15,1
DA:16,2
DA:17,2
DA:21,1
DA:24,2
DA:25,1
DA:26,4
DA:27,2
DA:29,2
LF:9
LH:9
end_of_record
SF:lib\src\catalog\bloc\catalog_event.dart
DA:4,2
DA:5,1
DA:6,1
LF:3
LH:3
end_of_record
SF:lib\src\catalog\receipt.dart
DA:11,1
DA:27,1
DA:36,1
DA:37,3
DA:38,1
DA:39,2
DA:40,1
DA:41,2
DA:42,1
DA:43,1
DA:45,1
DA:47,1
DA:50,2
DA:51,2
DA:52,2
LF:15
LH:15
end_of_record
SF:lib\src\util\money.dart
DA:2,2
LF:1
LH:1
end_of_record
